2026-04-28 14:09:33.944 INFO  [main] [no-request] o.a.m.surefire.booter.ForkedBooter - Starting ForkedBooter v3.5.4 using Java 25.0.2 with PID 13760 (started by neele in D:\My-Projects\spring boot\call_your_mechanic\backend)
2026-04-28 14:09:33.950 INFO  [main] [no-request] o.a.m.surefire.booter.ForkedBooter - The following 1 profile is active: "dev"
2026-04-28 14:09:34.898 INFO  [background-preinit] [no-request] o.h.validator.internal.util.Version - HV000001: Hibernate Validator 9.0.1.Final
2026-04-28 14:09:35.130 INFO  [main] [no-request] o.s.d.r.c.RepositoryConfigurationDelegate - Multiple Spring Data modules found, entering strict repository configuration mode
2026-04-28 14:09:35.136 INFO  [main] [no-request] o.s.d.r.c.RepositoryConfigurationDelegate - Bootstrapping Spring Data Redis repositories in DEFAULT mode.
2026-04-28 14:09:35.256 INFO  [main] [no-request] o.s.d.r.c.RepositoryConfigurationDelegate - Finished Spring Data repository scanning in 84 ms. Found 0 Redis repository interfaces.
2026-04-28 14:09:36.678 INFO  [main] [no-request] o.a.m.surefire.booter.ForkedBooter - Started ForkedBooter in 3.39 seconds (process running for 7.73)
2026-04-28 14:09:36.783 WARN  [main] [no-request] c.n.c.c.SelfHealingCacheErrorHandler - cache_get_failed cacheName=null key=CAR exceptionType=SerializationException message=bad payload
2026-04-28 14:09:36.784 WARN  [main] [no-request] c.n.c.c.SelfHealingCacheErrorHandler - cache_entry_evict_failed cacheName=null key=CAR exceptionType=IllegalStateException message=evict failed
2026-04-28 14:09:36.785 INFO  [main] [no-request] c.n.c.c.SelfHealingCacheErrorHandler - cache_cleared_after_get_failure cacheName=null reason=SerializationException
2026-04-28 14:09:36.789 WARN  [main] [no-request] c.n.c.c.SelfHealingCacheErrorHandler - cache_get_failed cacheName=null key=CAR exceptionType=SerializationException message=bad payload
2026-04-28 14:09:36.790 INFO  [main] [no-request] c.n.c.c.SelfHealingCacheErrorHandler - cache_entry_evicted cacheName=null key=CAR reason=SerializationException
2026-04-28 14:09:37.212 WARN  [main] [no-request] c.n.c.c.SelfHealingCacheErrorHandler - cache_get_failed cacheName=mechanics:detail key=5 exceptionType=SerializationException message=corrupt cache value
2026-04-28 14:09:37.212 INFO  [main] [no-request] c.n.c.c.SelfHealingCacheErrorHandler - cache_entry_evicted cacheName=mechanics:detail key=5 reason=SerializationException
2026-04-28 14:10:22.658 INFO  [main] [no-request] o.a.m.surefire.booter.ForkedBooter - Starting ForkedBooter v3.5.4 using Java 25.0.2 with PID 10568 (started by neele in D:\My-Projects\spring boot\call_your_mechanic\backend)
2026-04-28 14:10:22.659 INFO  [main] [no-request] o.a.m.surefire.booter.ForkedBooter - The following 1 profile is active: "dev"
2026-04-28 14:10:23.378 INFO  [background-preinit] [no-request] o.h.validator.internal.util.Version - HV000001: Hibernate Validator 9.0.1.Final
2026-04-28 14:10:23.703 INFO  [main] [no-request] o.s.d.r.c.RepositoryConfigurationDelegate - Multiple Spring Data modules found, entering strict repository configuration mode
2026-04-28 14:10:23.706 INFO  [main] [no-request] o.s.d.r.c.RepositoryConfigurationDelegate - Bootstrapping Spring Data Redis repositories in DEFAULT mode.
2026-04-28 14:10:23.791 INFO  [main] [no-request] o.s.d.r.c.RepositoryConfigurationDelegate - Finished Spring Data repository scanning in 61 ms. Found 0 Redis repository interfaces.
2026-04-28 14:10:25.050 WARN  [main] [no-request] o.s.c.a.AnnotationConfigApplicationContext - Exception encountered during context initialization - cancelling refresh attempt: org.springframework.beans.factory.NoSuchBeanDefinitionException: No qualifying bean of type 'org.springframework.cache.CacheManager' available: no CacheResolver specified - register a CacheManager bean or remove the @EnableCaching annotation from your configuration.
2026-04-28 14:10:25.077 INFO  [main] [no-request] o.s.b.a.l.ConditionEvaluationReportLogger - 

Error starting ApplicationContext. To display the condition evaluation report re-run your application with 'debug' enabled.
2026-04-28 14:10:25.113 ERROR [main] [no-request] o.s.b.d.LoggingFailureAnalysisReporter - 

***************************
APPLICATION FAILED TO START
***************************

Description:

A component required a bean of type 'org.springframework.cache.CacheManager' that could not be found.


Action:

Consider defining a bean of type 'org.springframework.cache.CacheManager' in your configuration.

2026-04-28 14:10:25.196 WARN  [main] [no-request] c.n.c.c.SelfHealingCacheErrorHandler - cache_get_failed cacheName=null key=CAR exceptionType=SerializationException message=bad payload
2026-04-28 14:10:25.197 WARN  [main] [no-request] c.n.c.c.SelfHealingCacheErrorHandler - cache_entry_evict_failed cacheName=null key=CAR exceptionType=IllegalStateException message=evict failed
2026-04-28 14:10:25.197 INFO  [main] [no-request] c.n.c.c.SelfHealingCacheErrorHandler - cache_cleared_after_get_failure cacheName=null reason=SerializationException
2026-04-28 14:10:25.201 WARN  [main] [no-request] c.n.c.c.SelfHealingCacheErrorHandler - cache_get_failed cacheName=null key=CAR exceptionType=SerializationException message=bad payload
2026-04-28 14:10:25.201 INFO  [main] [no-request] c.n.c.c.SelfHealingCacheErrorHandler - cache_entry_evicted cacheName=null key=CAR reason=SerializationException
2026-04-28 14:10:25.531 WARN  [main] [no-request] c.n.c.c.SelfHealingCacheErrorHandler - cache_get_failed cacheName=mechanics:detail key=5 exceptionType=SerializationException message=corrupt cache value
2026-04-28 14:10:25.532 INFO  [main] [no-request] c.n.c.c.SelfHealingCacheErrorHandler - cache_entry_evicted cacheName=mechanics:detail key=5 reason=SerializationException
2026-04-28 14:11:41.759 INFO  [main] [no-request] o.a.m.surefire.booter.ForkedBooter - Starting ForkedBooter v3.5.4 using Java 25.0.2 with PID 13460 (started by neele in D:\My-Projects\spring boot\call_your_mechanic\backend)
2026-04-28 14:11:41.762 INFO  [main] [no-request] o.a.m.surefire.booter.ForkedBooter - The following 1 profile is active: "dev"
2026-04-28 14:11:42.472 INFO  [background-preinit] [no-request] o.h.validator.internal.util.Version - HV000001: Hibernate Validator 9.0.1.Final
2026-04-28 14:11:42.768 INFO  [main] [no-request] o.s.d.r.c.RepositoryConfigurationDelegate - Multiple Spring Data modules found, entering strict repository configuration mode
2026-04-28 14:11:42.771 INFO  [main] [no-request] o.s.d.r.c.RepositoryConfigurationDelegate - Bootstrapping Spring Data Redis repositories in DEFAULT mode.
2026-04-28 14:11:42.863 INFO  [main] [no-request] o.s.d.r.c.RepositoryConfigurationDelegate - Finished Spring Data repository scanning in 66 ms. Found 0 Redis repository interfaces.
2026-04-28 14:11:44.253 WARN  [main] [no-request] o.s.c.a.AnnotationConfigApplicationContext - Exception encountered during context initialization - cancelling refresh attempt: org.springframework.beans.factory.NoSuchBeanDefinitionException: No qualifying bean of type 'org.springframework.cache.CacheManager' available: no CacheResolver specified - register a CacheManager bean or remove the @EnableCaching annotation from your configuration.
2026-04-28 14:11:44.279 INFO  [main] [no-request] o.s.b.a.l.ConditionEvaluationReportLogger - 

Error starting ApplicationContext. To display the condition evaluation report re-run your application with 'debug' enabled.
2026-04-28 14:11:44.308 ERROR [main] [no-request] o.s.b.d.LoggingFailureAnalysisReporter - 

***************************
APPLICATION FAILED TO START
***************************

Description:

A component required a bean of type 'org.springframework.cache.CacheManager' that could not be found.


Action:

Consider defining a bean of type 'org.springframework.cache.CacheManager' in your configuration.

2026-04-28 14:11:44.394 WARN  [main] [no-request] c.n.c.c.SelfHealingCacheErrorHandler - cache_get_failed cacheName=null key=CAR exceptionType=SerializationException message=bad payload
2026-04-28 14:11:44.395 WARN  [main] [no-request] c.n.c.c.SelfHealingCacheErrorHandler - cache_entry_evict_failed cacheName=null key=CAR exceptionType=IllegalStateException message=evict failed
2026-04-28 14:11:44.396 INFO  [main] [no-request] c.n.c.c.SelfHealingCacheErrorHandler - cache_cleared_after_get_failure cacheName=null reason=SerializationException
2026-04-28 14:11:44.400 WARN  [main] [no-request] c.n.c.c.SelfHealingCacheErrorHandler - cache_get_failed cacheName=null key=CAR exceptionType=SerializationException message=bad payload
2026-04-28 14:11:44.400 INFO  [main] [no-request] c.n.c.c.SelfHealingCacheErrorHandler - cache_entry_evicted cacheName=null key=CAR reason=SerializationException
2026-04-28 14:11:44.731 WARN  [main] [no-request] c.n.c.c.SelfHealingCacheErrorHandler - cache_get_failed cacheName=mechanics:detail key=5 exceptionType=SerializationException message=corrupt cache value
2026-04-28 14:11:44.732 INFO  [main] [no-request] c.n.c.c.SelfHealingCacheErrorHandler - cache_entry_evicted cacheName=mechanics:detail key=5 reason=SerializationException
2026-04-28 14:12:07.466 INFO  [main] [no-request] o.a.m.surefire.booter.ForkedBooter - Starting ForkedBooter v3.5.4 using Java 25.0.2 with PID 17648 (started by neele in D:\My-Projects\spring boot\call_your_mechanic\backend)
2026-04-28 14:12:07.469 INFO  [main] [no-request] o.a.m.surefire.booter.ForkedBooter - The following 1 profile is active: "dev"
2026-04-28 14:12:08.169 INFO  [background-preinit] [no-request] o.h.validator.internal.util.Version - HV000001: Hibernate Validator 9.0.1.Final
2026-04-28 14:12:08.448 INFO  [main] [no-request] o.s.d.r.c.RepositoryConfigurationDelegate - Multiple Spring Data modules found, entering strict repository configuration mode
2026-04-28 14:12:08.452 INFO  [main] [no-request] o.s.d.r.c.RepositoryConfigurationDelegate - Bootstrapping Spring Data Redis repositories in DEFAULT mode.
2026-04-28 14:12:08.534 INFO  [main] [no-request] o.s.d.r.c.RepositoryConfigurationDelegate - Finished Spring Data repository scanning in 56 ms. Found 0 Redis repository interfaces.
2026-04-28 14:12:08.796 WARN  [main] [no-request] o.s.c.a.AnnotationConfigApplicationContext - Exception encountered during context initialization - cancelling refresh attempt: org.springframework.beans.factory.UnsatisfiedDependencyException: Error creating bean with name 'locationEventListener' defined in com.nilesh.cym.config.RedisConfig: Unsatisfied dependency expressed through method 'locationEventListener' parameter 0: No qualifying bean of type 'com.nilesh.cym.location.realtime.RedisLocationSubscriber' available: expected at least 1 bean which qualifies as autowire candidate. Dependency annotations: {}
2026-04-28 14:12:08.806 INFO  [main] [no-request] o.s.b.a.l.ConditionEvaluationReportLogger - 

Error starting ApplicationContext. To display the condition evaluation report re-run your application with 'debug' enabled.
2026-04-28 14:12:08.827 ERROR [main] [no-request] o.s.b.d.LoggingFailureAnalysisReporter - 

***************************
APPLICATION FAILED TO START
***************************

Description:

Parameter 0 of method locationEventListener in com.nilesh.cym.config.RedisConfig required a bean of type 'com.nilesh.cym.location.realtime.RedisLocationSubscriber' that could not be found.


Action:

Consider defining a bean of type 'com.nilesh.cym.location.realtime.RedisLocationSubscriber' in your configuration.

2026-04-28 14:12:08.901 WARN  [main] [no-request] c.n.c.c.SelfHealingCacheErrorHandler - cache_get_failed cacheName=null key=CAR exceptionType=SerializationException message=bad payload
2026-04-28 14:12:08.902 WARN  [main] [no-request] c.n.c.c.SelfHealingCacheErrorHandler - cache_entry_evict_failed cacheName=null key=CAR exceptionType=IllegalStateException message=evict failed
2026-04-28 14:12:08.903 INFO  [main] [no-request] c.n.c.c.SelfHealingCacheErrorHandler - cache_cleared_after_get_failure cacheName=null reason=SerializationException
2026-04-28 14:12:08.907 WARN  [main] [no-request] c.n.c.c.SelfHealingCacheErrorHandler - cache_get_failed cacheName=null key=CAR exceptionType=SerializationException message=bad payload
2026-04-28 14:12:08.907 INFO  [main] [no-request] c.n.c.c.SelfHealingCacheErrorHandler - cache_entry_evicted cacheName=null key=CAR reason=SerializationException
2026-04-28 14:12:09.262 WARN  [main] [no-request] c.n.c.c.SelfHealingCacheErrorHandler - cache_get_failed cacheName=mechanics:detail key=5 exceptionType=SerializationException message=corrupt cache value
2026-04-28 14:12:09.262 INFO  [main] [no-request] c.n.c.c.SelfHealingCacheErrorHandler - cache_entry_evicted cacheName=mechanics:detail key=5 reason=SerializationException
2026-04-28 14:12:41.705 INFO  [main] [no-request] o.a.m.surefire.booter.ForkedBooter - Starting ForkedBooter v3.5.4 using Java 25.0.2 with PID 23236 (started by neele in D:\My-Projects\spring boot\call_your_mechanic\backend)
2026-04-28 14:12:41.708 INFO  [main] [no-request] o.a.m.surefire.booter.ForkedBooter - The following 1 profile is active: "dev"
2026-04-28 14:12:42.366 INFO  [background-preinit] [no-request] o.h.validator.internal.util.Version - HV000001: Hibernate Validator 9.0.1.Final
2026-04-28 14:12:42.749 INFO  [main] [no-request] o.s.d.r.c.RepositoryConfigurationDelegate - Multiple Spring Data modules found, entering strict repository configuration mode
2026-04-28 14:12:42.753 INFO  [main] [no-request] o.s.d.r.c.RepositoryConfigurationDelegate - Bootstrapping Spring Data Redis repositories in DEFAULT mode.
2026-04-28 14:12:42.862 INFO  [main] [no-request] o.s.d.r.c.RepositoryConfigurationDelegate - Finished Spring Data repository scanning in 76 ms. Found 0 Redis repository interfaces.
2026-04-28 14:12:44.407 INFO  [main] [no-request] o.a.m.surefire.booter.ForkedBooter - Started ForkedBooter in 3.207 seconds (process running for 6.772)
2026-04-28 14:12:44.513 WARN  [main] [no-request] c.n.c.c.SelfHealingCacheErrorHandler - cache_get_failed cacheName=null key=CAR exceptionType=SerializationException message=bad payload
2026-04-28 14:12:44.514 WARN  [main] [no-request] c.n.c.c.SelfHealingCacheErrorHandler - cache_entry_evict_failed cacheName=null key=CAR exceptionType=IllegalStateException message=evict failed
2026-04-28 14:12:44.515 INFO  [main] [no-request] c.n.c.c.SelfHealingCacheErrorHandler - cache_cleared_after_get_failure cacheName=null reason=SerializationException
2026-04-28 14:12:44.518 WARN  [main] [no-request] c.n.c.c.SelfHealingCacheErrorHandler - cache_get_failed cacheName=null key=CAR exceptionType=SerializationException message=bad payload
2026-04-28 14:12:44.519 INFO  [main] [no-request] c.n.c.c.SelfHealingCacheErrorHandler - cache_entry_evicted cacheName=null key=CAR reason=SerializationException
2026-04-28 14:12:44.899 WARN  [main] [no-request] c.n.c.c.SelfHealingCacheErrorHandler - cache_get_failed cacheName=mechanics:detail key=5 exceptionType=SerializationException message=corrupt cache value
2026-04-28 14:12:44.899 INFO  [main] [no-request] c.n.c.c.SelfHealingCacheErrorHandler - cache_entry_evicted cacheName=mechanics:detail key=5 reason=SerializationException
